<?xml version="1.0" encoding="UTF-8"?>
<!-- Generated by org.testng.reporters.JUnitXMLReporter -->
<testsuite ignored="0" hostname="Jerald_15" failures="0" tests="4" name="Default test" time="37.334" errors="0" timestamp="2025-05-27T17:16:05 IST">
  <testcase classname="tests.TodoTests" name="TS01_addTodosAndVerify" time="16.324"/>
  <testcase classname="tests.TodoTests" name="TS02_markCompletedAndVerify" time="11.311"/>
  <testcase classname="tests.TodoTests" name="TS03_deleteItemAndVerify" time="0.436"/>
  <testcase classname="tests.TodoTests" name="TS04_filteringTodos" time="5.631"/>
</testsuite> <!-- Default test -->
