<?xml version="1.0" encoding="UTF-8"?>
<testng-results ignored="0" total="4" passed="4" failed="0" skipped="0">
  <reporter-output>
  </reporter-output>
  <suite started-at="2025-05-27T17:15:28 IST" name="Default suite" finished-at="2025-05-27T17:16:05 IST" duration-ms="37334">
    <groups>
    </groups>
    <test started-at="2025-05-27T17:15:28 IST" name="Default test" finished-at="2025-05-27T17:16:05 IST" duration-ms="37334">
      <class name="tests.TodoTests">
        <test-method is-config="true" signature="setUp()[pri:0, instance:tests.TodoTests@1c1bbc4e]" started-at="2025-05-27T17:15:28 IST" name="setUp" finished-at="2025-05-27T17:15:31 IST" duration-ms="3175" status="PASS">
          <reporter-output>
          </reporter-output>
        </test-method> <!-- setUp -->
        <test-method signature="TS01_addTodosAndVerify()[pri:1, instance:tests.TodoTests@1c1bbc4e]" started-at="2025-05-27T17:15:31 IST" name="TS01_addTodosAndVerify" finished-at="2025-05-27T17:15:47 IST" duration-ms="16324" status="PASS">
          <reporter-output>
          </reporter-output>
        </test-method> <!-- TS01_addTodosAndVerify -->
        <test-method signature="TS02_markCompletedAndVerify()[pri:2, instance:tests.TodoTests@1c1bbc4e]" started-at="2025-05-27T17:15:47 IST" name="TS02_markCompletedAndVerify" finished-at="2025-05-27T17:15:59 IST" duration-ms="11311" status="PASS">
          <reporter-output>
          </reporter-output>
        </test-method> <!-- TS02_markCompletedAndVerify -->
        <test-method signature="TS03_deleteItemAndVerify()[pri:3, instance:tests.TodoTests@1c1bbc4e]" started-at="2025-05-27T17:15:59 IST" name="TS03_deleteItemAndVerify" finished-at="2025-05-27T17:15:59 IST" duration-ms="436" status="PASS">
          <reporter-output>
          </reporter-output>
        </test-method> <!-- TS03_deleteItemAndVerify -->
        <test-method signature="TS04_filteringTodos()[pri:4, instance:tests.TodoTests@1c1bbc4e]" started-at="2025-05-27T17:15:59 IST" name="TS04_filteringTodos" finished-at="2025-05-27T17:16:05 IST" duration-ms="5631" status="PASS">
          <reporter-output>
          </reporter-output>
        </test-method> <!-- TS04_filteringTodos -->
        <test-method is-config="true" signature="tearDown()[pri:0, instance:tests.TodoTests@1c1bbc4e]" started-at="2025-05-27T17:16:05 IST" name="tearDown" finished-at="2025-05-27T17:16:05 IST" duration-ms="373" status="PASS">
          <reporter-output>
          </reporter-output>
        </test-method> <!-- tearDown -->
      </class> <!-- tests.TodoTests -->
    </test> <!-- Default test -->
  </suite> <!-- Default suite -->
</testng-results>
